This file contains any messages produced by compilers while
running configure, to aid debugging if configure makes a mistake.

It was created by xdrfile configure 1.1.2, which was
generated by GNU Autoconf 2.69.  Invocation command line was

  $ ./configure 

## --------- ##
## Platform. ##
## --------- ##

hostname = xsukenik-G550JK
uname -m = x86_64
uname -r = 4.18.0-25-generic
uname -s = Linux
uname -v = #26~18.04.1-Ubuntu SMP Thu Jun 27 07:28:31 UTC 2019

/usr/bin/uname -p = unknown
/bin/uname -X     = unknown

/bin/arch              = unknown
/usr/bin/arch -k       = unknown
/usr/convex/getsysinfo = unknown
/usr/bin/hostinfo      = unknown
/bin/machine           = unknown
/usr/bin/oslevel       = unknown
/bin/universe          = unknown

PATH: /usr/local/sbin
PATH: /usr/local/bin
PATH: /usr/sbin
PATH: /usr/bin
PATH: /sbin
PATH: /bin
PATH: /snap/bin


## ----------- ##
## Core tests. ##
## ----------- ##

configure:2934: checking build system type
configure:2948: result: x86_64-unknown-linux-gnu
configure:2968: checking host system type
configure:2981: result: x86_64-unknown-linux-gnu
configure:3017: checking for a BSD-compatible install
configure:3085: result: /usr/bin/install -c
configure:3096: checking whether build environment is sane
configure:3133: result: yes
configure:3195: checking for gawk
configure:3211: found /usr/bin/gawk
configure:3222: result: gawk
configure:3233: checking whether make sets $(MAKE)
configure:3255: result: yes
configure:3428: checking how to create a ustar tar archive
configure:3441: tar --version
tar (GNU tar) 1.29
Copyright (C) 2015 Free Software Foundation, Inc.
License GPLv3+: GNU GPL version 3 or later <http://gnu.org/licenses/gpl.html>.
This is free software: you are free to change and redistribute it.
There is NO WARRANTY, to the extent permitted by law.

Written by John Gilmore and Jay Fenlason.
configure:3444: $? = 0
configure:3484: tardir=conftest.dir && eval tar --format=ustar -chf - "$tardir" >conftest.tar
configure:3487: $? = 0
configure:3491: tar -xf - <conftest.tar
configure:3494: $? = 0
configure:3507: result: gnutar
configure:3685: checking for cc
configure:3701: found /usr/bin/cc
configure:3712: result: cc
configure:3743: checking for C compiler version
configure:3752: cc --version >&5
cc (Ubuntu 7.4.0-1ubuntu1~18.04.1) 7.4.0
Copyright (C) 2017 Free Software Foundation, Inc.
This is free software; see the source for copying conditions.  There is NO
warranty; not even for MERCHANTABILITY or FITNESS FOR A PARTICULAR PURPOSE.

configure:3763: $? = 0
configure:3752: cc -v >&5
Using built-in specs.
COLLECT_GCC=cc
COLLECT_LTO_WRAPPER=/usr/lib/gcc/x86_64-linux-gnu/7/lto-wrapper
OFFLOAD_TARGET_NAMES=nvptx-none
OFFLOAD_TARGET_DEFAULT=1
Target: x86_64-linux-gnu
Configured with: ../src/configure -v --with-pkgversion='Ubuntu 7.4.0-1ubuntu1~18.04.1' --with-bugurl=file:///usr/share/doc/gcc-7/README.Bugs --enable-languages=c,ada,c++,go,brig,d,fortran,objc,obj-c++ --prefix=/usr --with-gcc-major-version-only --program-suffix=-7 --program-prefix=x86_64-linux-gnu- --enable-shared --enable-linker-build-id --libexecdir=/usr/lib --without-included-gettext --enable-threads=posix --libdir=/usr/lib --enable-nls --with-sysroot=/ --enable-clocale=gnu --enable-libstdcxx-debug --enable-libstdcxx-time=yes --with-default-libstdcxx-abi=new --enable-gnu-unique-object --disable-vtable-verify --enable-libmpx --enable-plugin --enable-default-pie --with-system-zlib --with-target-system-zlib --enable-objc-gc=auto --enable-multiarch --disable-werror --with-arch-32=i686 --with-abi=m64 --with-multilib-list=m32,m64,mx32 --enable-multilib --with-tune=generic --enable-offload-targets=nvptx-none --without-cuda-driver --enable-checking=release --build=x86_64-linux-gnu --host=x86_64-linux-gnu --target=x86_64-linux-gnu
Thread model: posix
gcc version 7.4.0 (Ubuntu 7.4.0-1ubuntu1~18.04.1) 
configure:3763: $? = 0
configure:3752: cc -V >&5
cc: error: unrecognized command line option '-V'
cc: fatal error: no input files
compilation terminated.
configure:3763: $? = 1
configure:3752: cc -qversion >&5
cc: error: unrecognized command line option '-qversion'; did you mean '--version'?
cc: fatal error: no input files
compilation terminated.
configure:3763: $? = 1
configure:3783: checking whether the C compiler works
configure:3805: cc    conftest.c  >&5
configure:3809: $? = 0
configure:3857: result: yes
configure:3860: checking for C compiler default output file name
configure:3862: result: a.out
configure:3868: checking for suffix of executables
configure:3875: cc -o conftest    conftest.c  >&5
configure:3879: $? = 0
configure:3901: result: 
configure:3923: checking whether we are cross compiling
configure:3931: cc -o conftest    conftest.c  >&5
configure:3935: $? = 0
configure:3942: ./conftest
configure:3946: $? = 0
configure:3961: result: no
configure:3966: checking for suffix of object files
configure:3988: cc -c   conftest.c >&5
configure:3992: $? = 0
configure:4013: result: o
configure:4017: checking whether we are using the GNU C compiler
configure:4036: cc -c   conftest.c >&5
configure:4036: $? = 0
configure:4045: result: yes
configure:4054: checking whether cc accepts -g
configure:4074: cc -c -g  conftest.c >&5
configure:4074: $? = 0
configure:4115: result: yes
configure:4132: checking for cc option to accept ISO C89
configure:4195: cc  -c -g -O2  conftest.c >&5
configure:4195: $? = 0
configure:4208: result: none needed
configure:4239: checking for style of include used by make
configure:4267: result: GNU
configure:4295: checking dependency style of cc
configure:4385: result: gcc3
configure:5482: checking how to run the C preprocessor
configure:5513: cc -E  conftest.c
configure:5513: $? = 0
configure:5527: cc -E  conftest.c
conftest.c:16:10: fatal error: ac_nonexistent.h: No such file or directory
 #include <ac_nonexistent.h>
          ^~~~~~~~~~~~~~~~~~
compilation terminated.
configure:5527: $? = 1
configure: failed program was:
| /* confdefs.h */
| #define PACKAGE_NAME "xdrfile"
| #define PACKAGE_TARNAME "xdrfile"
| #define PACKAGE_VERSION "1.1.2"
| #define PACKAGE_STRING "xdrfile 1.1.2"
| #define PACKAGE_BUGREPORT "gmx-users@gromacs.org"
| #define PACKAGE_URL ""
| #define PACKAGE "xdrfile"
| #define VERSION "1.1.2"
| #define BUILD_TIME "Fri Jul 19 18:32:49 CEST 2019"
| #define BUILD_USER "root@xsukenik-G550JK"
| #define BUILD_MACHINE "Linux 4.18.0-25-generic x86_64"
| #define F77_OR_C_FUNC(name,NAME) name
| #define F77_OR_C_FUNC_(name,NAME) name
| /* end confdefs.h.  */
| #include <ac_nonexistent.h>
configure:5552: result: cc -E
configure:5572: cc -E  conftest.c
configure:5572: $? = 0
configure:5586: cc -E  conftest.c
conftest.c:16:10: fatal error: ac_nonexistent.h: No such file or directory
 #include <ac_nonexistent.h>
          ^~~~~~~~~~~~~~~~~~
compilation terminated.
configure:5586: $? = 1
configure: failed program was:
| /* confdefs.h */
| #define PACKAGE_NAME "xdrfile"
| #define PACKAGE_TARNAME "xdrfile"
| #define PACKAGE_VERSION "1.1.2"
| #define PACKAGE_STRING "xdrfile 1.1.2"
| #define PACKAGE_BUGREPORT "gmx-users@gromacs.org"
| #define PACKAGE_URL ""
| #define PACKAGE "xdrfile"
| #define VERSION "1.1.2"
| #define BUILD_TIME "Fri Jul 19 18:32:49 CEST 2019"
| #define BUILD_USER "root@xsukenik-G550JK"
| #define BUILD_MACHINE "Linux 4.18.0-25-generic x86_64"
| #define F77_OR_C_FUNC(name,NAME) name
| #define F77_OR_C_FUNC_(name,NAME) name
| /* end confdefs.h.  */
| #include <ac_nonexistent.h>
configure:6006: checking whether cc accepts -O3
configure:6024: result: yes
configure:6304: checking whether cc accepts -msse2
configure:6322: result: yes
configure:6336: checking whether cc accepts -funroll-all-loops
configure:6354: result: yes
configure:6366: checking whether cc accepts -std=gnu99
configure:6384: result: yes
configure:6399: checking whether cc accepts -fexcess-precision=fast
configure:6417: result: yes
configure:6458: checking whether cc accepts  -O3 -fomit-frame-pointer -finline-functions -Wall -Wno-unused -msse2 -funroll-all-loops -std=gnu99 -fexcess-precision=fast
configure:6476: result: yes
configure:6568: checking for grep that handles long lines and -e
configure:6626: result: /bin/grep
configure:6631: checking for egrep
configure:6693: result: /bin/grep -E
configure:6698: checking for ANSI C header files
configure:6726: cc -c  -O3 -fomit-frame-pointer -finline-functions -Wall -Wno-unused -msse2 -funroll-all-loops -std=gnu99 -fexcess-precision=fast  conftest.c >&5
configure:6726: $? = 0
configure:6799: cc -o conftest  -O3 -fomit-frame-pointer -finline-functions -Wall -Wno-unused -msse2 -funroll-all-loops -std=gnu99 -fexcess-precision=fast    conftest.c  >&5
configure:6799: $? = 0
configure:6799: ./conftest
configure:6799: $? = 0
configure:6810: result: yes
configure:6823: checking for sys/types.h
configure:6823: cc -c  -O3 -fomit-frame-pointer -finline-functions -Wall -Wno-unused -msse2 -funroll-all-loops -std=gnu99 -fexcess-precision=fast  conftest.c >&5
configure:6823: $? = 0
configure:6823: result: yes
configure:6823: checking for sys/stat.h
configure:6823: cc -c  -O3 -fomit-frame-pointer -finline-functions -Wall -Wno-unused -msse2 -funroll-all-loops -std=gnu99 -fexcess-precision=fast  conftest.c >&5
configure:6823: $? = 0
configure:6823: result: yes
configure:6823: checking for stdlib.h
configure:6823: cc -c  -O3 -fomit-frame-pointer -finline-functions -Wall -Wno-unused -msse2 -funroll-all-loops -std=gnu99 -fexcess-precision=fast  conftest.c >&5
configure:6823: $? = 0
configure:6823: result: yes
configure:6823: checking for string.h
configure:6823: cc -c  -O3 -fomit-frame-pointer -finline-functions -Wall -Wno-unused -msse2 -funroll-all-loops -std=gnu99 -fexcess-precision=fast  conftest.c >&5
configure:6823: $? = 0
configure:6823: result: yes
configure:6823: checking for memory.h
configure:6823: cc -c  -O3 -fomit-frame-pointer -finline-functions -Wall -Wno-unused -msse2 -funroll-all-loops -std=gnu99 -fexcess-precision=fast  conftest.c >&5
configure:6823: $? = 0
configure:6823: result: yes
configure:6823: checking for strings.h
configure:6823: cc -c  -O3 -fomit-frame-pointer -finline-functions -Wall -Wno-unused -msse2 -funroll-all-loops -std=gnu99 -fexcess-precision=fast  conftest.c >&5
configure:6823: $? = 0
configure:6823: result: yes
configure:6823: checking for inttypes.h
configure:6823: cc -c  -O3 -fomit-frame-pointer -finline-functions -Wall -Wno-unused -msse2 -funroll-all-loops -std=gnu99 -fexcess-precision=fast  conftest.c >&5
configure:6823: $? = 0
configure:6823: result: yes
configure:6823: checking for stdint.h
configure:6823: cc -c  -O3 -fomit-frame-pointer -finline-functions -Wall -Wno-unused -msse2 -funroll-all-loops -std=gnu99 -fexcess-precision=fast  conftest.c >&5
configure:6823: $? = 0
configure:6823: result: yes
configure:6823: checking for unistd.h
configure:6823: cc -c  -O3 -fomit-frame-pointer -finline-functions -Wall -Wno-unused -msse2 -funroll-all-loops -std=gnu99 -fexcess-precision=fast  conftest.c >&5
configure:6823: $? = 0
configure:6823: result: yes
configure:6835: checking whether byte ordering is bigendian
configure:6850: cc -c  -O3 -fomit-frame-pointer -finline-functions -Wall -Wno-unused -msse2 -funroll-all-loops -std=gnu99 -fexcess-precision=fast  conftest.c >&5
conftest.c:27:9: error: unknown type name 'not'
         not a universal capable compiler
         ^~~
conftest.c:27:15: error: expected '=', ',', ';', 'asm' or '__attribute__' before 'universal'
         not a universal capable compiler
               ^~~~~~~~~
conftest.c:27:15: error: unknown type name 'universal'
configure:6850: $? = 1
configure: failed program was:
| /* confdefs.h */
| #define PACKAGE_NAME "xdrfile"
| #define PACKAGE_TARNAME "xdrfile"
| #define PACKAGE_VERSION "1.1.2"
| #define PACKAGE_STRING "xdrfile 1.1.2"
| #define PACKAGE_BUGREPORT "gmx-users@gromacs.org"
| #define PACKAGE_URL ""
| #define PACKAGE "xdrfile"
| #define VERSION "1.1.2"
| #define BUILD_TIME "Fri Jul 19 18:32:49 CEST 2019"
| #define BUILD_USER "root@xsukenik-G550JK"
| #define BUILD_MACHINE "Linux 4.18.0-25-generic x86_64"
| #define F77_OR_C_FUNC(name,NAME) name
| #define F77_OR_C_FUNC_(name,NAME) name
| #define STDC_HEADERS 1
| #define HAVE_SYS_TYPES_H 1
| #define HAVE_SYS_STAT_H 1
| #define HAVE_STDLIB_H 1
| #define HAVE_STRING_H 1
| #define HAVE_MEMORY_H 1
| #define HAVE_STRINGS_H 1
| #define HAVE_INTTYPES_H 1
| #define HAVE_STDINT_H 1
| #define HAVE_UNISTD_H 1
| /* end confdefs.h.  */
| #ifndef __APPLE_CC__
| 	       not a universal capable compiler
| 	     #endif
| 	     typedef int dummy;
| 
configure:6903: cc -c  -O3 -fomit-frame-pointer -finline-functions -Wall -Wno-unused -msse2 -funroll-all-loops -std=gnu99 -fexcess-precision=fast  conftest.c >&5
configure:6903: $? = 0
configure:6929: cc -c  -O3 -fomit-frame-pointer -finline-functions -Wall -Wno-unused -msse2 -funroll-all-loops -std=gnu99 -fexcess-precision=fast  conftest.c >&5
conftest.c: In function 'main':
conftest.c:41:4: error: unknown type name 'not'; did you mean 'ino_t'?
    not big endian
    ^~~
    ino_t
conftest.c:41:12: error: expected '=', ',', ';', 'asm' or '__attribute__' before 'endian'
    not big endian
            ^~~~~~
configure:6929: $? = 1
configure: failed program was:
| /* confdefs.h */
| #define PACKAGE_NAME "xdrfile"
| #define PACKAGE_TARNAME "xdrfile"
| #define PACKAGE_VERSION "1.1.2"
| #define PACKAGE_STRING "xdrfile 1.1.2"
| #define PACKAGE_BUGREPORT "gmx-users@gromacs.org"
| #define PACKAGE_URL ""
| #define PACKAGE "xdrfile"
| #define VERSION "1.1.2"
| #define BUILD_TIME "Fri Jul 19 18:32:49 CEST 2019"
| #define BUILD_USER "root@xsukenik-G550JK"
| #define BUILD_MACHINE "Linux 4.18.0-25-generic x86_64"
| #define F77_OR_C_FUNC(name,NAME) name
| #define F77_OR_C_FUNC_(name,NAME) name
| #define STDC_HEADERS 1
| #define HAVE_SYS_TYPES_H 1
| #define HAVE_SYS_STAT_H 1
| #define HAVE_STDLIB_H 1
| #define HAVE_STRING_H 1
| #define HAVE_MEMORY_H 1
| #define HAVE_STRINGS_H 1
| #define HAVE_INTTYPES_H 1
| #define HAVE_STDINT_H 1
| #define HAVE_UNISTD_H 1
| /* end confdefs.h.  */
| #include <sys/types.h>
| 		#include <sys/param.h>
| 
| #ifdef F77_DUMMY_MAIN
| 
| #  ifdef __cplusplus
|      extern "C"
| #  endif
|    int F77_DUMMY_MAIN() { return 1; }
| 
| #endif
| int
| main ()
| {
| #if BYTE_ORDER != BIG_ENDIAN
| 		 not big endian
| 		#endif
| 
|   ;
|   return 0;
| }
configure:7089: result: no
configure:7117: checking size of int
configure:7122: cc -o conftest  -O3 -fomit-frame-pointer -finline-functions -Wall -Wno-unused -msse2 -funroll-all-loops -std=gnu99 -fexcess-precision=fast    conftest.c  >&5
configure:7122: $? = 0
configure:7122: ./conftest
configure:7122: $? = 0
configure:7136: result: 4
configure:7150: checking size of long int
configure:7155: cc -o conftest  -O3 -fomit-frame-pointer -finline-functions -Wall -Wno-unused -msse2 -funroll-all-loops -std=gnu99 -fexcess-precision=fast    conftest.c  >&5
configure:7155: $? = 0
configure:7155: ./conftest
configure:7155: $? = 0
configure:7169: result: 8
configure:7183: checking size of long long int
configure:7188: cc -o conftest  -O3 -fomit-frame-pointer -finline-functions -Wall -Wno-unused -msse2 -funroll-all-loops -std=gnu99 -fexcess-precision=fast    conftest.c  >&5
configure:7188: $? = 0
configure:7188: ./conftest
configure:7188: $? = 0
configure:7202: result: 8
configure:7218: checking that size_t can hold pointers
configure:7242: cc -c  -O3 -fomit-frame-pointer -finline-functions -Wall -Wno-unused -msse2 -funroll-all-loops -std=gnu99 -fexcess-precision=fast  conftest.c >&5
configure:7242: $? = 0
configure:7243: result: yes
configure:7256: checking floating-point format
configure:7277: cc -c  -O3 -fomit-frame-pointer -finline-functions -Wall -Wno-unused -msse2 -funroll-all-loops -std=gnu99 -fexcess-precision=fast  conftest.c >&5
configure:7280: $? = 0
configure:7308: result: IEEE754 (little-endian byte and word order)
configure:7364: checking whether ln -s works
configure:7368: result: yes
configure:7375: checking whether make sets $(MAKE)
configure:7397: result: yes
configure:7456: checking for a sed that does not truncate output
configure:7510: result: /bin/sed
configure:7524: checking for ld used by cc
configure:7591: result: /usr/bin/ld
configure:7598: checking if the linker (/usr/bin/ld) is GNU ld
configure:7613: result: yes
configure:7618: checking for /usr/bin/ld option to reload object files
configure:7625: result: -r
configure:7643: checking for BSD-compatible nm
configure:7692: result: /usr/bin/nm -B
configure:7696: checking how to recognise dependent libraries
configure:7872: result: pass_all
configure:7959: cc -c  -O3 -fomit-frame-pointer -finline-functions -Wall -Wno-unused -msse2 -funroll-all-loops -std=gnu99 -fexcess-precision=fast  conftest.c >&5
configure:7962: $? = 0
configure:8363: checking dlfcn.h usability
configure:8363: cc -c  -O3 -fomit-frame-pointer -finline-functions -Wall -Wno-unused -msse2 -funroll-all-loops -std=gnu99 -fexcess-precision=fast  conftest.c >&5
configure:8363: $? = 0
configure:8363: result: yes
configure:8363: checking dlfcn.h presence
configure:8363: cc -E  conftest.c
configure:8363: $? = 0
configure:8363: result: yes
configure:8363: checking for dlfcn.h
configure:8363: result: yes
configure:8431: checking for g++
configure:8447: found /usr/bin/g++
configure:8458: result: g++
configure:8485: checking for C++ compiler version
configure:8494: g++ --version >&5
g++ (Ubuntu 7.4.0-1ubuntu1~18.04.1) 7.4.0
Copyright (C) 2017 Free Software Foundation, Inc.
This is free software; see the source for copying conditions.  There is NO
warranty; not even for MERCHANTABILITY or FITNESS FOR A PARTICULAR PURPOSE.

configure:8505: $? = 0
configure:8494: g++ -v >&5
Using built-in specs.
COLLECT_GCC=g++
COLLECT_LTO_WRAPPER=/usr/lib/gcc/x86_64-linux-gnu/7/lto-wrapper
OFFLOAD_TARGET_NAMES=nvptx-none
OFFLOAD_TARGET_DEFAULT=1
Target: x86_64-linux-gnu
Configured with: ../src/configure -v --with-pkgversion='Ubuntu 7.4.0-1ubuntu1~18.04.1' --with-bugurl=file:///usr/share/doc/gcc-7/README.Bugs --enable-languages=c,ada,c++,go,brig,d,fortran,objc,obj-c++ --prefix=/usr --with-gcc-major-version-only --program-suffix=-7 --program-prefix=x86_64-linux-gnu- --enable-shared --enable-linker-build-id --libexecdir=/usr/lib --without-included-gettext --enable-threads=posix --libdir=/usr/lib --enable-nls --with-sysroot=/ --enable-clocale=gnu --enable-libstdcxx-debug --enable-libstdcxx-time=yes --with-default-libstdcxx-abi=new --enable-gnu-unique-object --disable-vtable-verify --enable-libmpx --enable-plugin --enable-default-pie --with-system-zlib --with-target-system-zlib --enable-objc-gc=auto --enable-multiarch --disable-werror --with-arch-32=i686 --with-abi=m64 --with-multilib-list=m32,m64,mx32 --enable-multilib --with-tune=generic --enable-offload-targets=nvptx-none --without-cuda-driver --enable-checking=release --build=x86_64-linux-gnu --host=x86_64-linux-gnu --target=x86_64-linux-gnu
Thread model: posix
gcc version 7.4.0 (Ubuntu 7.4.0-1ubuntu1~18.04.1) 
configure:8505: $? = 0
configure:8494: g++ -V >&5
g++: error: unrecognized command line option '-V'
g++: fatal error: no input files
compilation terminated.
configure:8505: $? = 1
configure:8494: g++ -qversion >&5
g++: error: unrecognized command line option '-qversion'; did you mean '--version'?
g++: fatal error: no input files
compilation terminated.
configure:8505: $? = 1
configure:8509: checking whether we are using the GNU C++ compiler
configure:8536: g++ -c   conftest.cpp >&5
configure:8536: $? = 0
configure:8545: result: yes
configure:8554: checking whether g++ accepts -g
configure:8582: g++ -c -g  conftest.cpp >&5
configure:8582: $? = 0
configure:8639: result: yes
configure:8664: checking dependency style of g++
configure:8754: result: gcc3
configure:8781: checking how to run the C++ preprocessor
configure:8808: g++ -E  conftest.cpp
configure:8808: $? = 0
configure:8822: g++ -E  conftest.cpp
conftest.cpp:31:10: fatal error: ac_nonexistent.h: No such file or directory
 #include <ac_nonexistent.h>
          ^~~~~~~~~~~~~~~~~~
compilation terminated.
configure:8822: $? = 1
configure: failed program was:
| /* confdefs.h */
| #define PACKAGE_NAME "xdrfile"
| #define PACKAGE_TARNAME "xdrfile"
| #define PACKAGE_VERSION "1.1.2"
| #define PACKAGE_STRING "xdrfile 1.1.2"
| #define PACKAGE_BUGREPORT "gmx-users@gromacs.org"
| #define PACKAGE_URL ""
| #define PACKAGE "xdrfile"
| #define VERSION "1.1.2"
| #define BUILD_TIME "Fri Jul 19 18:32:49 CEST 2019"
| #define BUILD_USER "root@xsukenik-G550JK"
| #define BUILD_MACHINE "Linux 4.18.0-25-generic x86_64"
| #define F77_OR_C_FUNC(name,NAME) name
| #define F77_OR_C_FUNC_(name,NAME) name
| #define STDC_HEADERS 1
| #define HAVE_SYS_TYPES_H 1
| #define HAVE_SYS_STAT_H 1
| #define HAVE_STDLIB_H 1
| #define HAVE_STRING_H 1
| #define HAVE_MEMORY_H 1
| #define HAVE_STRINGS_H 1
| #define HAVE_INTTYPES_H 1
| #define HAVE_STDINT_H 1
| #define HAVE_UNISTD_H 1
| #define SIZEOF_INT 4
| #define SIZEOF_LONG_INT 8
| #define SIZEOF_LONG_LONG_INT 8
| #define FLOAT_FORMAT_IEEE754 /**/
| #define HAVE_DLFCN_H 1
| /* end confdefs.h.  */
| #include <ac_nonexistent.h>
configure:8847: result: g++ -E
configure:8867: g++ -E  conftest.cpp
configure:8867: $? = 0
configure:8881: g++ -E  conftest.cpp
conftest.cpp:31:10: fatal error: ac_nonexistent.h: No such file or directory
 #include <ac_nonexistent.h>
          ^~~~~~~~~~~~~~~~~~
compilation terminated.
configure:8881: $? = 1
configure: failed program was:
| /* confdefs.h */
| #define PACKAGE_NAME "xdrfile"
| #define PACKAGE_TARNAME "xdrfile"
| #define PACKAGE_VERSION "1.1.2"
| #define PACKAGE_STRING "xdrfile 1.1.2"
| #define PACKAGE_BUGREPORT "gmx-users@gromacs.org"
| #define PACKAGE_URL ""
| #define PACKAGE "xdrfile"
| #define VERSION "1.1.2"
| #define BUILD_TIME "Fri Jul 19 18:32:49 CEST 2019"
| #define BUILD_USER "root@xsukenik-G550JK"
| #define BUILD_MACHINE "Linux 4.18.0-25-generic x86_64"
| #define F77_OR_C_FUNC(name,NAME) name
| #define F77_OR_C_FUNC_(name,NAME) name
| #define STDC_HEADERS 1
| #define HAVE_SYS_TYPES_H 1
| #define HAVE_SYS_STAT_H 1
| #define HAVE_STDLIB_H 1
| #define HAVE_STRING_H 1
| #define HAVE_MEMORY_H 1
| #define HAVE_STRINGS_H 1
| #define HAVE_INTTYPES_H 1
| #define HAVE_STDINT_H 1
| #define HAVE_UNISTD_H 1
| #define SIZEOF_INT 4
| #define SIZEOF_LONG_INT 8
| #define SIZEOF_LONG_LONG_INT 8
| #define FLOAT_FORMAT_IEEE754 /**/
| #define HAVE_DLFCN_H 1
| /* end confdefs.h.  */
| #include <ac_nonexistent.h>
configure:8916: checking the maximum length of command line arguments
configure:9025: result: 32768
configure:9036: checking command to parse /usr/bin/nm -B output from cc object
configure:9141: g++ -c -g -O2  conftest.cpp >&5
configure:9144: $? = 0
configure:9148: /usr/bin/nm -B conftest.o \| sed -n -e 's/^.*[ 	]\([ABCDGIRSTW][ABCDGIRSTW]*\)[ 	][ 	]*\([_A-Za-z][_A-Za-z0-9]*\)$/\1 \2 \2/p' \> conftest.nm
configure:9151: $? = 0
configure:9203: g++ -o conftest -g -O2    conftest.cpp conftstm.o >&5
configure:9206: $? = 0
configure:9244: result: ok
configure:9248: checking for objdir
configure:9263: result: .libs
configure:9355: checking for ar
configure:9371: found /usr/bin/ar
configure:9382: result: ar
configure:9447: checking for ranlib
configure:9463: found /usr/bin/ranlib
configure:9474: result: ranlib
configure:9539: checking for strip
configure:9555: found /usr/bin/strip
configure:9566: result: strip
configure:9852: checking if cc supports -fno-rtti -fno-exceptions
configure:9870: cc -c  -O3 -fomit-frame-pointer -finline-functions -Wall -Wno-unused -msse2 -funroll-all-loops -std=gnu99 -fexcess-precision=fast  -fno-rtti -fno-exceptions conftest.c >&5
cc1: warning: command line option '-fno-rtti' is valid for C++/ObjC++ but not for C
configure:9874: $? = 0
configure:9887: result: no
configure:9902: checking for cc option to produce PIC
configure:10112: result: -fPIC
configure:10120: checking if cc PIC flag -fPIC works
configure:10138: cc -c  -O3 -fomit-frame-pointer -finline-functions -Wall -Wno-unused -msse2 -funroll-all-loops -std=gnu99 -fexcess-precision=fast  -fPIC -DPIC conftest.c >&5
configure:10142: $? = 0
configure:10155: result: yes
configure:10183: checking if cc static flag -static works
configure:10211: result: yes
configure:10221: checking if cc supports -c -o file.o
configure:10242: cc -c  -O3 -fomit-frame-pointer -finline-functions -Wall -Wno-unused -msse2 -funroll-all-loops -std=gnu99 -fexcess-precision=fast  -o out/conftest2.o conftest.c >&5
configure:10246: $? = 0
configure:10268: result: yes
configure:10294: checking whether the cc linker (/usr/bin/ld -m elf_x86_64) supports shared libraries
configure:11210: result: yes
configure:11277: checking dynamic linker characteristics
configure:11865: result: GNU/Linux ld.so
configure:11874: checking how to hardcode library paths into programs
configure:11899: result: immediate
configure:11913: checking whether stripping libraries is possible
configure:11918: result: yes
configure:12475: checking if libtool supports shared libraries
configure:12477: result: yes
configure:12480: checking whether to build shared libraries
configure:12501: result: no
configure:12504: checking whether to build static libraries
configure:12508: result: yes
configure:12600: creating libtool
configure:13184: checking for ld used by g++
configure:13251: result: /usr/bin/ld -m elf_x86_64
configure:13258: checking if the linker (/usr/bin/ld -m elf_x86_64) is GNU ld
configure:13273: result: yes
configure:13324: checking whether the g++ linker (/usr/bin/ld -m elf_x86_64) supports shared libraries
configure:14220: result: yes
configure:14242: g++ -c -g -O2  conftest.cpp >&5
configure:14245: $? = 0
configure:14364: checking for g++ option to produce PIC
configure:14638: result: -fPIC
configure:14646: checking if g++ PIC flag -fPIC works
configure:14664: g++ -c -g -O2  -fPIC -DPIC conftest.cpp >&5
configure:14668: $? = 0
configure:14681: result: yes
configure:14709: checking if g++ static flag -static works
configure:14737: result: yes
configure:14747: checking if g++ supports -c -o file.o
configure:14768: g++ -c -g -O2  -o out/conftest2.o conftest.cpp >&5
configure:14772: $? = 0
configure:14794: result: yes
configure:14820: checking whether the g++ linker (/usr/bin/ld -m elf_x86_64) supports shared libraries
configure:14845: result: yes
configure:14912: checking dynamic linker characteristics
configure:15500: result: GNU/Linux ld.so
configure:15509: checking how to hardcode library paths into programs
configure:15534: result: immediate
configure:21597: checking for special C compiler options needed for large files
configure:21650: result: no
configure:21656: checking for _FILE_OFFSET_BITS value needed for large files
configure:21689: cc -c  -O3 -fomit-frame-pointer -finline-functions -Wall -Wno-unused -msse2 -funroll-all-loops -std=gnu99 -fexcess-precision=fast  conftest.c >&5
configure:21689: $? = 0
configure:21729: result: no
configure:21830: checking for _LARGEFILE_SOURCE value needed for large files
configure:21857: cc -o conftest  -O3 -fomit-frame-pointer -finline-functions -Wall -Wno-unused -msse2 -funroll-all-loops -std=gnu99 -fexcess-precision=fast    conftest.c  >&5
configure:21857: $? = 0
configure:21893: result: no
configure:21927: checking for sqrt in -lm
configure:21960: cc -o conftest  -O3 -fomit-frame-pointer -finline-functions -Wall -Wno-unused -msse2 -funroll-all-loops -std=gnu99 -fexcess-precision=fast    conftest.c -lm   >&5
conftest.c:39:6: warning: conflicting types for built-in function 'sqrt' [-Wbuiltin-declaration-mismatch]
 char sqrt ();
      ^~~~
configure:21960: $? = 0
configure:21969: result: yes
configure:21998: checking rpc/rpc.h usability
configure:21998: cc -c  -O3 -fomit-frame-pointer -finline-functions -Wall -Wno-unused -msse2 -funroll-all-loops -std=gnu99 -fexcess-precision=fast  conftest.c >&5
configure:21998: $? = 0
configure:21998: result: yes
configure:21998: checking rpc/rpc.h presence
configure:21998: cc -E  conftest.c
configure:21998: $? = 0
configure:21998: result: yes
configure:21998: checking for rpc/rpc.h
configure:21998: result: yes
configure:22010: checking for rpc/xdr.h
configure:22010: cc -c  -O3 -fomit-frame-pointer -finline-functions -Wall -Wno-unused -msse2 -funroll-all-loops -std=gnu99 -fexcess-precision=fast  conftest.c >&5
configure:22010: $? = 0
configure:22010: result: yes
configure:22024: checking for xdr_float in -lnsl
configure:22057: cc -o conftest  -O3 -fomit-frame-pointer -finline-functions -Wall -Wno-unused -msse2 -funroll-all-loops -std=gnu99 -fexcess-precision=fast    conftest.c -lnsl  -lm  >&5
configure:22057: $? = 0
configure:22066: result: yes
configure:22107: cc -o conftest  -O3 -fomit-frame-pointer -finline-functions -Wall -Wno-unused -msse2 -funroll-all-loops -std=gnu99 -fexcess-precision=fast    conftest.c -lnsl -lm  >&5
conftest.c: In function 'main':
conftest.c:59:20: warning: 'xd' is used uninitialized in this function [-Wuninitialized]
  XDR *xd; float f; xdr_float(xd,&f);
                    ^~~~~~~~~~~~~~~~
configure:22107: $? = 0
configure:22127: checking for working memcmp
configure:22178: cc -o conftest  -O3 -fomit-frame-pointer -finline-functions -Wall -Wno-unused -msse2 -funroll-all-loops -std=gnu99 -fexcess-precision=fast    conftest.c -lnsl -lm  >&5
configure:22178: $? = 0
configure:22178: ./conftest
configure:22178: $? = 0
configure:22188: result: yes
configure:22197: checking return type of signal handlers
configure:22223: cc -c  -O3 -fomit-frame-pointer -finline-functions -Wall -Wno-unused -msse2 -funroll-all-loops -std=gnu99 -fexcess-precision=fast  conftest.c >&5
conftest.c: In function 'main':
conftest.c:50:10: error: void value not ignored as it ought to be
 return *(signal (0, 0)) (0) == 1;
         ~^~~~~~~~~~~~~~~~~~
configure:22223: $? = 1
configure: failed program was:
| /* confdefs.h */
| #define PACKAGE_NAME "xdrfile"
| #define PACKAGE_TARNAME "xdrfile"
| #define PACKAGE_VERSION "1.1.2"
| #define PACKAGE_STRING "xdrfile 1.1.2"
| #define PACKAGE_BUGREPORT "gmx-users@gromacs.org"
| #define PACKAGE_URL ""
| #define PACKAGE "xdrfile"
| #define VERSION "1.1.2"
| #define BUILD_TIME "Fri Jul 19 18:32:49 CEST 2019"
| #define BUILD_USER "root@xsukenik-G550JK"
| #define BUILD_MACHINE "Linux 4.18.0-25-generic x86_64"
| #define F77_OR_C_FUNC(name,NAME) name
| #define F77_OR_C_FUNC_(name,NAME) name
| #define STDC_HEADERS 1
| #define HAVE_SYS_TYPES_H 1
| #define HAVE_SYS_STAT_H 1
| #define HAVE_STDLIB_H 1
| #define HAVE_STRING_H 1
| #define HAVE_MEMORY_H 1
| #define HAVE_STRINGS_H 1
| #define HAVE_INTTYPES_H 1
| #define HAVE_STDINT_H 1
| #define HAVE_UNISTD_H 1
| #define SIZEOF_INT 4
| #define SIZEOF_LONG_INT 8
| #define SIZEOF_LONG_LONG_INT 8
| #define FLOAT_FORMAT_IEEE754 /**/
| #define HAVE_DLFCN_H 1
| #define HAVE_FSEEKO 1
| #define HAVE_LIBM 1
| #define HAVE_RPC_RPC_H 1
| #define HAVE_RPC_XDR_H 1
| #define HAVE_LIBNSL 1
| /* end confdefs.h.  */
| #include <sys/types.h>
| #include <signal.h>
| 
| #ifdef F77_DUMMY_MAIN
| 
| #  ifdef __cplusplus
|      extern "C"
| #  endif
|    int F77_DUMMY_MAIN() { return 1; }
| 
| #endif
| int
| main ()
| {
| return *(signal (0, 0)) (0) == 1;
|   ;
|   return 0;
| }
configure:22230: result: void
configure:22240: checking for vprintf
configure:22240: cc -o conftest  -O3 -fomit-frame-pointer -finline-functions -Wall -Wno-unused -msse2 -funroll-all-loops -std=gnu99 -fexcess-precision=fast    conftest.c -lnsl -lm  >&5
conftest.c:60:6: warning: conflicting types for built-in function 'vprintf' [-Wbuiltin-declaration-mismatch]
 char vprintf ();
      ^~~~~~~
configure:22240: $? = 0
configure:22240: result: yes
configure:22246: checking for _doprnt
configure:22246: cc -o conftest  -O3 -fomit-frame-pointer -finline-functions -Wall -Wno-unused -msse2 -funroll-all-loops -std=gnu99 -fexcess-precision=fast    conftest.c -lnsl -lm  >&5
/tmp/ccwDg1f4.o: In function `main':
conftest.c:(.text.startup+0x7): undefined reference to `_doprnt'
collect2: error: ld returned 1 exit status
configure:22246: $? = 1
configure: failed program was:
| /* confdefs.h */
| #define PACKAGE_NAME "xdrfile"
| #define PACKAGE_TARNAME "xdrfile"
| #define PACKAGE_VERSION "1.1.2"
| #define PACKAGE_STRING "xdrfile 1.1.2"
| #define PACKAGE_BUGREPORT "gmx-users@gromacs.org"
| #define PACKAGE_URL ""
| #define PACKAGE "xdrfile"
| #define VERSION "1.1.2"
| #define BUILD_TIME "Fri Jul 19 18:32:49 CEST 2019"
| #define BUILD_USER "root@xsukenik-G550JK"
| #define BUILD_MACHINE "Linux 4.18.0-25-generic x86_64"
| #define F77_OR_C_FUNC(name,NAME) name
| #define F77_OR_C_FUNC_(name,NAME) name
| #define STDC_HEADERS 1
| #define HAVE_SYS_TYPES_H 1
| #define HAVE_SYS_STAT_H 1
| #define HAVE_STDLIB_H 1
| #define HAVE_STRING_H 1
| #define HAVE_MEMORY_H 1
| #define HAVE_STRINGS_H 1
| #define HAVE_INTTYPES_H 1
| #define HAVE_STDINT_H 1
| #define HAVE_UNISTD_H 1
| #define SIZEOF_INT 4
| #define SIZEOF_LONG_INT 8
| #define SIZEOF_LONG_LONG_INT 8
| #define FLOAT_FORMAT_IEEE754 /**/
| #define HAVE_DLFCN_H 1
| #define HAVE_FSEEKO 1
| #define HAVE_LIBM 1
| #define HAVE_RPC_RPC_H 1
| #define HAVE_RPC_XDR_H 1
| #define HAVE_LIBNSL 1
| #define RETSIGTYPE void
| #define HAVE_VPRINTF 1
| /* end confdefs.h.  */
| /* Define _doprnt to an innocuous variant, in case <limits.h> declares _doprnt.
|    For example, HP-UX 11i <limits.h> declares gettimeofday.  */
| #define _doprnt innocuous__doprnt
| 
| /* System header to define __stub macros and hopefully few prototypes,
|     which can conflict with char _doprnt (); below.
|     Prefer <limits.h> to <assert.h> if __STDC__ is defined, since
|     <limits.h> exists even on freestanding compilers.  */
| 
| #ifdef __STDC__
| # include <limits.h>
| #else
| # include <assert.h>
| #endif
| 
| #undef _doprnt
| 
| /* Override any GCC internal prototype to avoid an error.
|    Use char because int might match the return type of a GCC
|    builtin and then its argument prototype would still apply.  */
| #ifdef __cplusplus
| extern "C"
| #endif
| char _doprnt ();
| /* The GNU C library defines this for functions which it implements
|     to always fail with ENOSYS.  Some functions are actually named
|     something starting with __ and the normal name is an alias.  */
| #if defined __stub__doprnt || defined __stub____doprnt
| choke me
| #endif
| 
| #ifdef F77_DUMMY_MAIN
| 
| #  ifdef __cplusplus
|      extern "C"
| #  endif
|    int F77_DUMMY_MAIN() { return 1; }
| 
| #endif
| int
| main ()
| {
| return _doprnt ();
|   ;
|   return 0;
| }
configure:22246: result: no
configure:22257: checking if malloc debugging is wanted
configure:22275: result: no
configure:22282: checking for strcasecmp
configure:22282: cc -o conftest  -O3 -fomit-frame-pointer -finline-functions -Wall -Wno-unused -msse2 -funroll-all-loops -std=gnu99 -fexcess-precision=fast    conftest.c -lnsl -lm  >&5
conftest.c:61:6: warning: conflicting types for built-in function 'strcasecmp' [-Wbuiltin-declaration-mismatch]
 char strcasecmp ();
      ^~~~~~~~~~
configure:22282: $? = 0
configure:22282: result: yes
configure:22293: checking for strdup
configure:22293: cc -o conftest  -O3 -fomit-frame-pointer -finline-functions -Wall -Wno-unused -msse2 -funroll-all-loops -std=gnu99 -fexcess-precision=fast    conftest.c -lnsl -lm  >&5
conftest.c:62:6: warning: conflicting types for built-in function 'strdup' [-Wbuiltin-declaration-mismatch]
 char strdup ();
      ^~~~~~
configure:22293: $? = 0
configure:22293: result: yes
configure:22303: checking for bool
configure:22303: cc -c  -O3 -fomit-frame-pointer -finline-functions -Wall -Wno-unused -msse2 -funroll-all-loops -std=gnu99 -fexcess-precision=fast  conftest.c >&5
conftest.c: In function 'main':
conftest.c:84:13: error: 'bool' undeclared (first use in this function); did you mean 'atol'?
 if (sizeof (bool))
             ^~~~
             atol
conftest.c:84:13: note: each undeclared identifier is reported only once for each function it appears in
configure:22303: $? = 1
configure: failed program was:
| /* confdefs.h */
| #define PACKAGE_NAME "xdrfile"
| #define PACKAGE_TARNAME "xdrfile"
| #define PACKAGE_VERSION "1.1.2"
| #define PACKAGE_STRING "xdrfile 1.1.2"
| #define PACKAGE_BUGREPORT "gmx-users@gromacs.org"
| #define PACKAGE_URL ""
| #define PACKAGE "xdrfile"
| #define VERSION "1.1.2"
| #define BUILD_TIME "Fri Jul 19 18:32:49 CEST 2019"
| #define BUILD_USER "root@xsukenik-G550JK"
| #define BUILD_MACHINE "Linux 4.18.0-25-generic x86_64"
| #define F77_OR_C_FUNC(name,NAME) name
| #define F77_OR_C_FUNC_(name,NAME) name
| #define STDC_HEADERS 1
| #define HAVE_SYS_TYPES_H 1
| #define HAVE_SYS_STAT_H 1
| #define HAVE_STDLIB_H 1
| #define HAVE_STRING_H 1
| #define HAVE_MEMORY_H 1
| #define HAVE_STRINGS_H 1
| #define HAVE_INTTYPES_H 1
| #define HAVE_STDINT_H 1
| #define HAVE_UNISTD_H 1
| #define SIZEOF_INT 4
| #define SIZEOF_LONG_INT 8
| #define SIZEOF_LONG_LONG_INT 8
| #define FLOAT_FORMAT_IEEE754 /**/
| #define HAVE_DLFCN_H 1
| #define HAVE_FSEEKO 1
| #define HAVE_LIBM 1
| #define HAVE_RPC_RPC_H 1
| #define HAVE_RPC_XDR_H 1
| #define HAVE_LIBNSL 1
| #define RETSIGTYPE void
| #define HAVE_VPRINTF 1
| #define HAVE_STRCASECMP 1
| #define HAVE_STRDUP 1
| /* end confdefs.h.  */
| #include <stdio.h>
| #ifdef HAVE_SYS_TYPES_H
| # include <sys/types.h>
| #endif
| #ifdef HAVE_SYS_STAT_H
| # include <sys/stat.h>
| #endif
| #ifdef STDC_HEADERS
| # include <stdlib.h>
| # include <stddef.h>
| #else
| # ifdef HAVE_STDLIB_H
| #  include <stdlib.h>
| # endif
| #endif
| #ifdef HAVE_STRING_H
| # if !defined STDC_HEADERS && defined HAVE_MEMORY_H
| #  include <memory.h>
| # endif
| # include <string.h>
| #endif
| #ifdef HAVE_STRINGS_H
| # include <strings.h>
| #endif
| #ifdef HAVE_INTTYPES_H
| # include <inttypes.h>
| #endif
| #ifdef HAVE_STDINT_H
| # include <stdint.h>
| #endif
| #ifdef HAVE_UNISTD_H
| # include <unistd.h>
| #endif
| #ifdef F77_DUMMY_MAIN
| 
| #  ifdef __cplusplus
|      extern "C"
| #  endif
|    int F77_DUMMY_MAIN() { return 1; }
| 
| #endif
| int
| main ()
| {
| if (sizeof (bool))
| 	 return 0;
|   ;
|   return 0;
| }
configure:22303: result: no
configure:22344: checking limits.h usability
configure:22344: cc -c  -O3 -fomit-frame-pointer -finline-functions -Wall -Wno-unused -msse2 -funroll-all-loops -std=gnu99 -fexcess-precision=fast  conftest.c >&5
configure:22344: $? = 0
configure:22344: result: yes
configure:22344: checking limits.h presence
configure:22344: cc -E  conftest.c
configure:22344: $? = 0
configure:22344: result: yes
configure:22344: checking for limits.h
configure:22344: result: yes
configure:22344: checking for strings.h
configure:22344: result: yes
configure:22344: checking for unistd.h
configure:22344: result: yes
configure:22358: checking for unistd.h
configure:22358: result: yes
configure:22371: checking for an ANSI C-conforming const
configure:22445: cc -c  -O3 -fomit-frame-pointer -finline-functions -Wall -Wno-unused -msse2 -funroll-all-loops -std=gnu99 -fexcess-precision=fast  conftest.c >&5
configure:22445: $? = 0
configure:22452: result: yes
configure:22460: checking for size_t
configure:22460: cc -c  -O3 -fomit-frame-pointer -finline-functions -Wall -Wno-unused -msse2 -funroll-all-loops -std=gnu99 -fexcess-precision=fast  conftest.c >&5
configure:22460: $? = 0
configure:22460: cc -c  -O3 -fomit-frame-pointer -finline-functions -Wall -Wno-unused -msse2 -funroll-all-loops -std=gnu99 -fexcess-precision=fast  conftest.c >&5
conftest.c: In function 'main':
conftest.c:88:21: error: expected expression before ')' token
 if (sizeof ((size_t)))
                     ^
configure:22460: $? = 1
configure: failed program was:
| /* confdefs.h */
| #define PACKAGE_NAME "xdrfile"
| #define PACKAGE_TARNAME "xdrfile"
| #define PACKAGE_VERSION "1.1.2"
| #define PACKAGE_STRING "xdrfile 1.1.2"
| #define PACKAGE_BUGREPORT "gmx-users@gromacs.org"
| #define PACKAGE_URL ""
| #define PACKAGE "xdrfile"
| #define VERSION "1.1.2"
| #define BUILD_TIME "Fri Jul 19 18:32:49 CEST 2019"
| #define BUILD_USER "root@xsukenik-G550JK"
| #define BUILD_MACHINE "Linux 4.18.0-25-generic x86_64"
| #define F77_OR_C_FUNC(name,NAME) name
| #define F77_OR_C_FUNC_(name,NAME) name
| #define STDC_HEADERS 1
| #define HAVE_SYS_TYPES_H 1
| #define HAVE_SYS_STAT_H 1
| #define HAVE_STDLIB_H 1
| #define HAVE_STRING_H 1
| #define HAVE_MEMORY_H 1
| #define HAVE_STRINGS_H 1
| #define HAVE_INTTYPES_H 1
| #define HAVE_STDINT_H 1
| #define HAVE_UNISTD_H 1
| #define SIZEOF_INT 4
| #define SIZEOF_LONG_INT 8
| #define SIZEOF_LONG_LONG_INT 8
| #define FLOAT_FORMAT_IEEE754 /**/
| #define HAVE_DLFCN_H 1
| #define HAVE_FSEEKO 1
| #define HAVE_LIBM 1
| #define HAVE_RPC_RPC_H 1
| #define HAVE_RPC_XDR_H 1
| #define HAVE_LIBNSL 1
| #define RETSIGTYPE void
| #define HAVE_VPRINTF 1
| #define HAVE_STRCASECMP 1
| #define HAVE_STRDUP 1
| #define HAVE_LIMITS_H 1
| #define HAVE_STRINGS_H 1
| #define HAVE_UNISTD_H 1
| #define HAVE_UNISTD_H 1
| /* end confdefs.h.  */
| #include <stdio.h>
| #ifdef HAVE_SYS_TYPES_H
| # include <sys/types.h>
| #endif
| #ifdef HAVE_SYS_STAT_H
| # include <sys/stat.h>
| #endif
| #ifdef STDC_HEADERS
| # include <stdlib.h>
| # include <stddef.h>
| #else
| # ifdef HAVE_STDLIB_H
| #  include <stdlib.h>
| # endif
| #endif
| #ifdef HAVE_STRING_H
| # if !defined STDC_HEADERS && defined HAVE_MEMORY_H
| #  include <memory.h>
| # endif
| # include <string.h>
| #endif
| #ifdef HAVE_STRINGS_H
| # include <strings.h>
| #endif
| #ifdef HAVE_INTTYPES_H
| # include <inttypes.h>
| #endif
| #ifdef HAVE_STDINT_H
| # include <stdint.h>
| #endif
| #ifdef HAVE_UNISTD_H
| # include <unistd.h>
| #endif
| #ifdef F77_DUMMY_MAIN
| 
| #  ifdef __cplusplus
|      extern "C"
| #  endif
|    int F77_DUMMY_MAIN() { return 1; }
| 
| #endif
| int
| main ()
| {
| if (sizeof ((size_t)))
| 	    return 0;
|   ;
|   return 0;
| }
configure:22460: result: yes
configure:22471: checking whether struct tm is in sys/time.h or time.h
configure:22499: cc -c  -O3 -fomit-frame-pointer -finline-functions -Wall -Wno-unused -msse2 -funroll-all-loops -std=gnu99 -fexcess-precision=fast  conftest.c >&5
configure:22499: $? = 0
configure:22506: result: time.h
configure:22514: checking for uid_t in sys/types.h
configure:22533: result: yes
configure:22544: checking for inline
configure:22560: cc -c  -O3 -fomit-frame-pointer -finline-functions -Wall -Wno-unused -msse2 -funroll-all-loops -std=gnu99 -fexcess-precision=fast  conftest.c >&5
configure:22560: $? = 0
configure:22568: result: inline
configure:22602: checking whether byte ordering is bigendian
configure:22856: result: no
configure:23156: creating ./config.status

## ---------------------- ##
## Running config.status. ##
## ---------------------- ##

This file was extended by xdrfile config.status 1.1.2, which was
generated by GNU Autoconf 2.69.  Invocation command line was

  CONFIG_FILES    = 
  CONFIG_HEADERS  = 
  CONFIG_LINKS    = 
  CONFIG_COMMANDS = 
  $ ./config.status 

on xsukenik-G550JK

config.status:913: creating Makefile
config.status:913: creating include/Makefile
config.status:913: creating src/Makefile
config.status:913: creating src/python/Makefile
config.status:913: creating config.h
config.status:1135: executing depfiles commands

## ---------------- ##
## Cache variables. ##
## ---------------- ##

ac_cv_build=x86_64-unknown-linux-gnu
ac_cv_c_bigendian=no
ac_cv_c_compiler_gnu=yes
ac_cv_c_const=yes
ac_cv_c_inline=inline
ac_cv_cxx_compiler_gnu=yes
ac_cv_env_CCASFLAGS_set=
ac_cv_env_CCASFLAGS_value=
ac_cv_env_CCAS_set=
ac_cv_env_CCAS_value=
ac_cv_env_CCC_set=
ac_cv_env_CCC_value=
ac_cv_env_CC_set=
ac_cv_env_CC_value=
ac_cv_env_CFLAGS_set=
ac_cv_env_CFLAGS_value=
ac_cv_env_CPPFLAGS_set=
ac_cv_env_CPPFLAGS_value=
ac_cv_env_CPP_set=
ac_cv_env_CPP_value=
ac_cv_env_CXXCPP_set=
ac_cv_env_CXXCPP_value=
ac_cv_env_CXXFLAGS_set=
ac_cv_env_CXXFLAGS_value=
ac_cv_env_CXX_set=
ac_cv_env_CXX_value=
ac_cv_env_F77_set=
ac_cv_env_F77_value=
ac_cv_env_FFLAGS_set=
ac_cv_env_FFLAGS_value=
ac_cv_env_LDFLAGS_set=
ac_cv_env_LDFLAGS_value=
ac_cv_env_LIBS_set=
ac_cv_env_LIBS_value=
ac_cv_env_build_alias_set=
ac_cv_env_build_alias_value=
ac_cv_env_host_alias_set=
ac_cv_env_host_alias_value=
ac_cv_env_target_alias_set=
ac_cv_env_target_alias_value=
ac_cv_func__doprnt=no
ac_cv_func_memcmp_working=yes
ac_cv_func_strcasecmp=yes
ac_cv_func_strdup=yes
ac_cv_func_vprintf=yes
ac_cv_header_dlfcn_h=yes
ac_cv_header_inttypes_h=yes
ac_cv_header_limits_h=yes
ac_cv_header_memory_h=yes
ac_cv_header_rpc_rpc_h=yes
ac_cv_header_rpc_xdr_h=yes
ac_cv_header_stdc=yes
ac_cv_header_stdint_h=yes
ac_cv_header_stdlib_h=yes
ac_cv_header_string_h=yes
ac_cv_header_strings_h=yes
ac_cv_header_sys_stat_h=yes
ac_cv_header_sys_types_h=yes
ac_cv_header_unistd_h=yes
ac_cv_host=x86_64-unknown-linux-gnu
ac_cv_lib_m_sqrt=yes
ac_cv_lib_nsl_xdr_float=yes
ac_cv_objext=o
ac_cv_path_EGREP='/bin/grep -E'
ac_cv_path_GREP=/bin/grep
ac_cv_path_install='/usr/bin/install -c'
ac_cv_prog_AWK=gawk
ac_cv_prog_CPP='cc -E'
ac_cv_prog_CXXCPP='g++ -E'
ac_cv_prog_ac_ct_AR=ar
ac_cv_prog_ac_ct_CC=cc
ac_cv_prog_ac_ct_CXX=g++
ac_cv_prog_ac_ct_RANLIB=ranlib
ac_cv_prog_ac_ct_STRIP=strip
ac_cv_prog_cc_c89=
ac_cv_prog_cc_g=yes
ac_cv_prog_cxx_g=yes
ac_cv_prog_make_make_set=yes
ac_cv_sizeof_int=4
ac_cv_sizeof_long_int=8
ac_cv_sizeof_long_long_int=8
ac_cv_struct_tm=time.h
ac_cv_sys_file_offset_bits=no
ac_cv_sys_largefile_CC=no
ac_cv_sys_largefile_source=no
ac_cv_type_bool=no
ac_cv_type_signal=void
ac_cv_type_size_t=yes
ac_cv_type_uid_t=yes
am_cv_CC_dependencies_compiler_type=gcc3
am_cv_CXX_dependencies_compiler_type=gcc3
am_cv_prog_tar_ustar=gnutar
lt_cv_deplibs_check_method=pass_all
lt_cv_file_magic_cmd='$MAGIC_CMD'
lt_cv_file_magic_test_file=
lt_cv_ld_reload_flag=-r
lt_cv_objdir=.libs
lt_cv_path_LD=/usr/bin/ld
lt_cv_path_LDCXX='/usr/bin/ld -m elf_x86_64'
lt_cv_path_NM='/usr/bin/nm -B'
lt_cv_path_SED=/bin/sed
lt_cv_prog_compiler_c_o=yes
lt_cv_prog_compiler_c_o_CXX=yes
lt_cv_prog_compiler_rtti_exceptions=no
lt_cv_prog_gnu_ld=yes
lt_cv_prog_gnu_ldcxx=yes
lt_cv_sys_global_symbol_pipe='sed -n -e '\''s/^.*[ 	]\([ABCDGIRSTW][ABCDGIRSTW]*\)[ 	][ 	]*\([_A-Za-z][_A-Za-z0-9]*\)$/\1 \2 \2/p'\'''
lt_cv_sys_global_symbol_to_c_name_address='sed -n -e '\''s/^: \([^ ]*\) $/  {\"\1\", (lt_ptr) 0},/p'\'' -e '\''s/^[BCDEGRST] \([^ ]*\) \([^ ]*\)$/  {"\2", (lt_ptr) \&\2},/p'\'''
lt_cv_sys_global_symbol_to_cdecl='sed -n -e '\''s/^. .* \(.*\)$/extern int \1;/p'\'''
lt_cv_sys_max_cmd_len=32768
lt_lt_cv_prog_compiler_c_o='"yes"'
lt_lt_cv_prog_compiler_c_o_CXX='"yes"'
lt_lt_cv_sys_global_symbol_pipe='"sed -n -e '\''s/^.*[ 	]\\([ABCDGIRSTW][ABCDGIRSTW]*\\)[ 	][ 	]*\\([_A-Za-z][_A-Za-z0-9]*\\)\$/\\1 \\2 \\2/p'\''"'
lt_lt_cv_sys_global_symbol_to_c_name_address='"sed -n -e '\''s/^: \\([^ ]*\\) \$/  {\\\"\\1\\\", (lt_ptr) 0},/p'\'' -e '\''s/^[BCDEGRST] \\([^ ]*\\) \\([^ ]*\\)\$/  {\"\\2\", (lt_ptr) \\&\\2},/p'\''"'
lt_lt_cv_sys_global_symbol_to_cdecl='"sed -n -e '\''s/^. .* \\(.*\\)\$/extern int \\1;/p'\''"'

## ----------------- ##
## Output variables. ##
## ----------------- ##

ACLOCAL='${SHELL} /home/xsukenik/Desktop/dwv_empty/test_analysis/xdrfile-1.1.4/config/missing --run aclocal-1.9'
AMDEPBACKSLASH='\'
AMDEP_FALSE='#'
AMDEP_TRUE=''
AMTAR='${SHELL} /home/xsukenik/Desktop/dwv_empty/test_analysis/xdrfile-1.1.4/config/missing --run tar'
AR='ar'
AS='cc'
ASFLAGS=' -O3 -fomit-frame-pointer -finline-functions -Wall -Wno-unused -msse2 -funroll-all-loops -std=gnu99 -fexcess-precision=fast'
AUTOCONF='${SHELL} /home/xsukenik/Desktop/dwv_empty/test_analysis/xdrfile-1.1.4/config/missing --run autoconf'
AUTOHEADER='${SHELL} /home/xsukenik/Desktop/dwv_empty/test_analysis/xdrfile-1.1.4/config/missing --run autoheader'
AUTOMAKE='${SHELL} /home/xsukenik/Desktop/dwv_empty/test_analysis/xdrfile-1.1.4/config/missing --run automake-1.9'
AWK='gawk'
CC='cc'
CCAS='cc'
CCASFLAGS=' -O3 -fomit-frame-pointer -finline-functions -Wall -Wno-unused -msse2 -funroll-all-loops -std=gnu99 -fexcess-precision=fast'
CCDEPMODE='depmode=gcc3'
CC_FOR_BUILD='cc'
CFLAGS=' -O3 -fomit-frame-pointer -finline-functions -Wall -Wno-unused -msse2 -funroll-all-loops -std=gnu99 -fexcess-precision=fast'
CPP='cc -E'
CPPFLAGS=''
CXX='g++'
CXXCPP='g++ -E'
CXXDEPMODE='depmode=gcc3'
CXXFLAGS='-g -O2'
CYGPATH_W='echo'
DEFS='-DHAVE_CONFIG_H'
DEPDIR='.deps'
DLLTOOL='dlltool'
ECHO='echo'
ECHO_C=''
ECHO_N='-n'
ECHO_T=''
EGREP='/bin/grep -E'
EXEEXT=''
F77=''
F77LINK='$(LINK)'
FFLAGS=''
FLIBS=''
GMXANA_LIBOBJS=''
GMXLIB_LIBOBJS=''
GMX_FORTRAN_FALSE=''
GMX_FORTRAN_TRUE='#'
GREP='/bin/grep'
INCLUDES=''
INSTALL_DATA='${INSTALL} -m 644'
INSTALL_PROGRAM='${INSTALL}'
INSTALL_SCRIPT='${INSTALL}'
INSTALL_STRIP_PROGRAM='${SHELL} $(install_sh) -c -s'
LDFLAGS='  '
LIBOBJS=''
LIBS='-lnsl -lm  '
LIBSUFFIX=''
LIBTOOL='$(SHELL) $(top_builddir)/libtool'
LN_S='ln -s'
LTLIBOBJS=''
MAKEINFO='${SHELL} /home/xsukenik/Desktop/dwv_empty/test_analysis/xdrfile-1.1.4/config/missing --run makeinfo'
MDLIB_LIBOBJS=''
MPICC=''
OBJDUMP='objdump'
OBJEXT='o'
PACKAGE='xdrfile'
PACKAGE_BUGREPORT='gmx-users@gromacs.org'
PACKAGE_NAME='xdrfile'
PACKAGE_STRING='xdrfile 1.1.2'
PACKAGE_TARNAME='xdrfile'
PACKAGE_URL=''
PACKAGE_VERSION='1.1.2'
PATH_SEPARATOR=':'
RANLIB='ranlib'
RPM='rpm'
SET_MAKE=''
SHARED_VERSION_INFO='4:0:0'
SHELL='/bin/bash'
STRIP='strip'
VERSION='1.1.2'
ac_ct_CC='cc'
ac_ct_CXX='g++'
ac_ct_F77=''
am__fastdepCC_FALSE='#'
am__fastdepCC_TRUE=''
am__fastdepCXX_FALSE='#'
am__fastdepCXX_TRUE=''
am__include='include'
am__leading_dot='.'
am__quote=''
am__tar='tar --format=ustar -chf - "$$tardir"'
am__untar='tar -xf -'
bindir='${exec_prefix}/bin'
build='x86_64-unknown-linux-gnu'
build_alias=''
build_cpu='x86_64'
build_os='linux-gnu'
build_vendor='unknown'
datadir='${datarootdir}'
datarootdir='${prefix}/share'
docdir='${datarootdir}/doc/${PACKAGE_TARNAME}'
dvidir='${docdir}'
exec_prefix='${prefix}'
host='x86_64-unknown-linux-gnu'
host_alias=''
host_cpu='x86_64'
host_os='linux-gnu'
host_vendor='unknown'
htmldir='${docdir}'
includedir='${prefix}/include'
infodir='${datarootdir}/info'
install_sh='/home/xsukenik/Desktop/dwv_empty/test_analysis/xdrfile-1.1.4/config/install-sh'
libdir='${exec_prefix}/lib'
libexecdir='${exec_prefix}/libexec'
localedir='${datarootdir}/locale'
localstatedir='${prefix}/var'
mandir='${datarootdir}/man'
mkdir_p='mkdir -p --'
oldincludedir='/usr/include'
pdfdir='${docdir}'
prefix='/usr/local/'
program_transform_name='s,x,x,'
psdir='${docdir}'
runstatedir='${localstatedir}/run'
sbindir='${exec_prefix}/sbin'
sharedstatedir='${prefix}/com'
sysconfdir='${prefix}/etc'
target_alias=''

## ----------- ##
## confdefs.h. ##
## ----------- ##

/* confdefs.h */
#define PACKAGE_NAME "xdrfile"
#define PACKAGE_TARNAME "xdrfile"
#define PACKAGE_VERSION "1.1.2"
#define PACKAGE_STRING "xdrfile 1.1.2"
#define PACKAGE_BUGREPORT "gmx-users@gromacs.org"
#define PACKAGE_URL ""
#define PACKAGE "xdrfile"
#define VERSION "1.1.2"
#define BUILD_TIME "Fri Jul 19 18:32:49 CEST 2019"
#define BUILD_USER "root@xsukenik-G550JK"
#define BUILD_MACHINE "Linux 4.18.0-25-generic x86_64"
#define F77_OR_C_FUNC(name,NAME) name
#define F77_OR_C_FUNC_(name,NAME) name
#define STDC_HEADERS 1
#define HAVE_SYS_TYPES_H 1
#define HAVE_SYS_STAT_H 1
#define HAVE_STDLIB_H 1
#define HAVE_STRING_H 1
#define HAVE_MEMORY_H 1
#define HAVE_STRINGS_H 1
#define HAVE_INTTYPES_H 1
#define HAVE_STDINT_H 1
#define HAVE_UNISTD_H 1
#define SIZEOF_INT 4
#define SIZEOF_LONG_INT 8
#define SIZEOF_LONG_LONG_INT 8
#define FLOAT_FORMAT_IEEE754 /**/
#define HAVE_DLFCN_H 1
#define HAVE_FSEEKO 1
#define HAVE_LIBM 1
#define HAVE_RPC_RPC_H 1
#define HAVE_RPC_XDR_H 1
#define HAVE_LIBNSL 1
#define RETSIGTYPE void
#define HAVE_VPRINTF 1
#define HAVE_STRCASECMP 1
#define HAVE_STRDUP 1
#define HAVE_LIMITS_H 1
#define HAVE_STRINGS_H 1
#define HAVE_UNISTD_H 1
#define HAVE_UNISTD_H 1

configure: exit 0
